ctit088
	Adding nVidia Cuda Toolkit 10.1
Gpu devices                 : 2
Starting worker: 
/tmp/slurmd/job220124/slurm_script: line 20: ./gpu_burn: No such file or directory
Train Set:  160
Validation Set:  40
Test Set:  100
cuda
Model loaded from best_model.pt
** ** ** ** ** ** ** ** ** ** ** ** ** ** ** ** ** ** ** ** ** ** ** ** ** ** ** ** ** ** ** ** ** ** ** ** ** ** ** ** 
Epoch [1/20]
Training
  0%|          | 0/80 [00:00<?, ?it/s]  0%|          | 0/80 [00:18<?, ?it/s]
Traceback (most recent call last):
  File "/home/s3075451/DLMIA/DLMIA-UNet/main.py", line 83, in <module>
    train(model=model, 
    ^^^^^^^^^^^^^^^^^^
  File "/home/s3075451/DLMIA/DLMIA-UNet/trainer.py", line 35, in train
    output = model(data)
             ^^^^^^^^^^^
  File "/home/s3075451/.conda/envs/DLMIA/lib/python3.11/site-packages/torch/nn/modules/module.py", line 1501, in _call_impl
    return forward_call(*args, **kwargs)
           ^^^^^^^^^^^^^^^^^^^^^^^^^^^^^
  File "/home/s3075451/DLMIA/DLMIA-UNet/unet.py", line 377, in forward
    x = module(before_pool, x)
        ^^^^^^^^^^^^^^^^^^^^^^
  File "/home/s3075451/.conda/envs/DLMIA/lib/python3.11/site-packages/torch/nn/modules/module.py", line 1501, in _call_impl
    return forward_call(*args, **kwargs)
           ^^^^^^^^^^^^^^^^^^^^^^^^^^^^^
  File "/home/s3075451/DLMIA/DLMIA-UNet/unet.py", line 263, in forward
    up_layer = self.norm0(up_layer)  # normalization 0
               ^^^^^^^^^^^^^^^^^^^^
  File "/home/s3075451/.conda/envs/DLMIA/lib/python3.11/site-packages/torch/nn/modules/module.py", line 1501, in _call_impl
    return forward_call(*args, **kwargs)
           ^^^^^^^^^^^^^^^^^^^^^^^^^^^^^
  File "/home/s3075451/.conda/envs/DLMIA/lib/python3.11/site-packages/torch/nn/modules/batchnorm.py", line 171, in forward
    return F.batch_norm(
           ^^^^^^^^^^^^^
  File "/home/s3075451/.conda/envs/DLMIA/lib/python3.11/site-packages/torch/nn/functional.py", line 2450, in batch_norm
    return torch.batch_norm(
           ^^^^^^^^^^^^^^^^^
torch.cuda.OutOfMemoryError: CUDA out of memory. Tried to allocate 640.00 MiB (GPU 0; 7.80 GiB total capacity; 5.98 GiB already allocated; 501.56 MiB free; 6.39 GiB reserved in total by PyTorch) If reserved memory is >> allocated memory try setting max_split_size_mb to avoid fragmentation.  See documentation for Memory Management and PYTORCH_CUDA_ALLOC_CONF
